0 info it worked if it ends with ok
1 verbose cli [ '/home/martini/.nvm/versions/node/v5.0.0/bin/node',
1 verbose cli   '/home/martini/.nvm/versions/node/v5.0.0/bin/npm',
1 verbose cli   'start' ]
2 info using npm@3.3.6
3 info using node@v5.0.0
4 verbose run-script [ 'prestart', 'start', 'poststart' ]
5 info lifecycle SafePass@0.0.1~prestart: SafePass@0.0.1
6 silly lifecycle SafePass@0.0.1~prestart: no script for prestart, continuing
7 info lifecycle SafePass@0.0.1~start: SafePass@0.0.1
8 verbose lifecycle SafePass@0.0.1~start: unsafe-perm in lifecycle true
9 verbose lifecycle SafePass@0.0.1~start: PATH: /home/martini/.nvm/versions/node/v5.0.0/lib/node_modules/npm/bin/node-gyp-bin:/home/martini/Documents/hobby/SafePass/site/node_modules/.bin:/home/martini/.nvm/versions/node/v5.0.0/bin:/usr/local/heroku/bin:/usr/local/sbin:/usr/local/bin:/usr/sbin:/usr/bin:/sbin:/bin:/usr/games:/usr/local/games
10 verbose lifecycle SafePass@0.0.1~start: CWD: /home/martini/Documents/hobby/SafePass/site
11 silly lifecycle SafePass@0.0.1~start: Args: [ '-c', 'node server.js' ]
12 silly lifecycle SafePass@0.0.1~start: Returned: code: 1  signal: null
13 info lifecycle SafePass@0.0.1~start: Failed to exec start script
14 verbose stack Error: SafePass@0.0.1 start: `node server.js`
14 verbose stack Exit status 1
14 verbose stack     at EventEmitter.<anonymous> (/home/martini/.nvm/versions/node/v5.0.0/lib/node_modules/npm/lib/utils/lifecycle.js:233:16)
14 verbose stack     at emitTwo (events.js:87:13)
14 verbose stack     at EventEmitter.emit (events.js:172:7)
14 verbose stack     at ChildProcess.<anonymous> (/home/martini/.nvm/versions/node/v5.0.0/lib/node_modules/npm/lib/utils/spawn.js:24:14)
14 verbose stack     at emitTwo (events.js:87:13)
14 verbose stack     at ChildProcess.emit (events.js:172:7)
14 verbose stack     at maybeClose (internal/child_process.js:818:16)
14 verbose stack     at Process.ChildProcess._handle.onexit (internal/child_process.js:211:5)
15 verbose pkgid SafePass@0.0.1
16 verbose cwd /home/martini/Documents/hobby/SafePass/site
17 error Linux 4.2.0-30-generic
18 error argv "/home/martini/.nvm/versions/node/v5.0.0/bin/node" "/home/martini/.nvm/versions/node/v5.0.0/bin/npm" "start"
19 error node v5.0.0
20 error npm  v3.3.6
21 error code ELIFECYCLE
22 error SafePass@0.0.1 start: `node server.js`
22 error Exit status 1
23 error Failed at the SafePass@0.0.1 start script 'node server.js'.
23 error This is most likely a problem with the SafePass package,
23 error not with npm itself.
23 error Tell the author that this fails on your system:
23 error     node server.js
23 error You can get their info via:
23 error     npm owner ls SafePass
23 error There is likely additional logging output above.
24 verbose exit [ 1, true ]
